<?xml version="1.0" encoding="UTF-8"?>
<!-- Generated by org.testng.reporters.JUnitXMLReporter -->
<testsuite ignored="1" hostname="Gangesh_007" failures="1" tests="1" name="Test2" time="7.571" errors="0" timestamp="2024-10-27T18:01:01 IST">
  <testcase classname="gjha123.seleniumframework.SignIn" name="TC_02_signInWithOutAnyField" time="2.267">
    <failure type="org.openqa.selenium.ElementClickInterceptedException" message="element click intercepted: Element &amp;lt;span class=&amp;quot;e4adce92df&amp;quot;&amp;gt;...&amp;lt;/span&amp;gt; is not clickable at point (1263, 36). Other element would receive the click: &amp;lt;div class=&amp;quot;eb33ef7c47&amp;quot;&amp;gt;...&amp;lt;/div&amp;gt;
  (Session info: chrome=130.0.6723.70)
Build info: version: &amp;apos;4.25.0&amp;apos;, revision: &amp;apos;8a8aea2337&amp;apos;
System info: os.name: &amp;apos;Windows 11&amp;apos;, os.arch: &amp;apos;amd64&amp;apos;, os.version: &amp;apos;10.0&amp;apos;, java.version: &amp;apos;17.0.10&amp;apos;
Driver info: org.openqa.selenium.chrome.ChromeDriver
Command: [82ec0f1b64b1981d4344f49f9693fb82, clickElement {id=f.5E42BEFD6D13A334761FEA19FFE53F43.d.136701C6A579D0E9A17A77864D9DD39C.e.2476}]
Capabilities {acceptInsecureCerts: false, browserName: chrome, browserVersion: 130.0.6723.70, chrome: {chromedriverVersion: 130.0.6723.69 (3ec172b971b9..., userDataDir: C:\Users\gjha0\AppData\Loca...}, fedcm:accounts: true, goog:chromeOptions: {debuggerAddress: localhost:65060}, networkConnectionEnabled: false, pageLoadStrategy: normal, platformName: windows, proxy: Proxy(), se:cdp: ws://localhost:65060/devtoo..., se:cdpVersion: 130.0.6723.70, setWindowRect: true, strictFileInteractability: false, timeouts: {implicit: 0, pageLoad: 300000, script: 30000}, unhandledPromptBehavior: dismiss and notify, webauthn:extension:credBlob: true, webauthn:extension:largeBlob: true, webauthn:extension:minPinLength: true, webauthn:extension:prf: true, webauthn:virtualAuthenticators: true}
Element: [[ChromeDriver: chrome on windows (82ec0f1b64b1981d4344f49f9693fb82)] -&amp;gt; xpath: //a[@aria-label=&amp;apos;Sign in&amp;apos;]//span[@class=&amp;apos;e4adce92df&amp;apos;][normalize-space()=&amp;apos;Sign in&amp;apos;]]
Session ID: 82ec0f1b64b1981d4344f49f9693fb82">
      <![CDATA[org.openqa.selenium.ElementClickInterceptedException: element click intercepted: Element <span class="e4adce92df">...</span> is not clickable at point (1263, 36). Other element would receive the click: <div class="eb33ef7c47">...</div>
  (Session info: chrome=130.0.6723.70)
Build info: version: '4.25.0', revision: '8a8aea2337'
System info: os.name: 'Windows 11', os.arch: 'amd64', os.version: '10.0', java.version: '17.0.10'
Driver info: org.openqa.selenium.chrome.ChromeDriver
Command: [82ec0f1b64b1981d4344f49f9693fb82, clickElement {id=f.5E42BEFD6D13A334761FEA19FFE53F43.d.136701C6A579D0E9A17A77864D9DD39C.e.2476}]
Capabilities {acceptInsecureCerts: false, browserName: chrome, browserVersion: 130.0.6723.70, chrome: {chromedriverVersion: 130.0.6723.69 (3ec172b971b9..., userDataDir: C:\Users\gjha0\AppData\Loca...}, fedcm:accounts: true, goog:chromeOptions: {debuggerAddress: localhost:65060}, networkConnectionEnabled: false, pageLoadStrategy: normal, platformName: windows, proxy: Proxy(), se:cdp: ws://localhost:65060/devtoo..., se:cdpVersion: 130.0.6723.70, setWindowRect: true, strictFileInteractability: false, timeouts: {implicit: 0, pageLoad: 300000, script: 30000}, unhandledPromptBehavior: dismiss and notify, webauthn:extension:credBlob: true, webauthn:extension:largeBlob: true, webauthn:extension:minPinLength: true, webauthn:extension:prf: true, webauthn:virtualAuthenticators: true}
Element: [[ChromeDriver: chrome on windows (82ec0f1b64b1981d4344f49f9693fb82)] -> xpath: //a[@aria-label='Sign in']//span[@class='e4adce92df'][normalize-space()='Sign in']]
Session ID: 82ec0f1b64b1981d4344f49f9693fb82
at org.openqa.selenium.remote.ErrorCodec.decode(ErrorCodec.java:167)
at org.openqa.selenium.remote.codec.w3c.W3CHttpResponseCodec.decode(W3CHttpResponseCodec.java:138)
at org.openqa.selenium.remote.codec.w3c.W3CHttpResponseCodec.decode(W3CHttpResponseCodec.java:50)
at org.openqa.selenium.remote.HttpCommandExecutor.execute(HttpCommandExecutor.java:190)
at org.openqa.selenium.remote.service.DriverCommandExecutor.invokeExecute(DriverCommandExecutor.java:216)
at org.openqa.selenium.remote.service.DriverCommandExecutor.execute(DriverCommandExecutor.java:174)
at org.openqa.selenium.remote.RemoteWebDriver.execute(RemoteWebDriver.java:545)
at org.openqa.selenium.remote.RemoteWebElement.execute(RemoteWebElement.java:223)
at org.openqa.selenium.remote.RemoteWebElement.click(RemoteWebElement.java:76)
at org.openqa.selenium.support.pagefactory.internal.LocatingElementHandler.invoke(LocatingElementHandler.java:51)
at jdk.proxy2/jdk.proxy2.$Proxy15.click(Unknown Source)
at gjha123.seleniumframework.pageobject.SignInPage.clickSignInButton(SignInPage.java:32)
at gjha123.seleniumframework.SignIn.TC_02_signInWithOutAnyField(SignIn.java:40)
at java.base/java.util.ArrayList.forEach(ArrayList.java:1511)
... Removed 36 stack frames]]>
    </failure>
  </testcase> <!-- TC_02_signInWithOutAnyField -->
  <testcase classname="gjha123.seleniumframework.SignIn" name="TC_01_signIn" time="0.0">
    <ignored/>
  </testcase> <!-- TC_01_signIn -->
</testsuite> <!-- Test2 -->
