<?xml version="1.0" encoding="UTF-8"?>
<!-- Generated by org.testng.reporters.JUnitXMLReporter -->
<testsuite ignored="1" hostname="Gangesh_007" failures="0" tests="1" name="Test2" time="11.189" errors="0" timestamp="2024-11-01T22:01:04 IST">
  <testcase classname="gjha123.seleniumframework.SignIn" name="TC_02_signInWithOutAnyField" time="8.888"/>
  <testcase classname="gjha123.seleniumframework.SignIn" name="TC_01_signIn" time="0.0">
    <ignored/>
  </testcase> <!-- TC_01_signIn -->
</testsuite> <!-- Test2 -->
