<?xml version="1.0" encoding="UTF-8"?>
<!-- Generated by org.testng.reporters.JUnitXMLReporter -->
<testsuite ignored="0" hostname="Gangesh_007" failures="0" tests="2" name="Default test" time="36.834" errors="0" timestamp="2024-10-26T23:26:52 IST">
  <testcase classname="gjha123.seleniumframework.BookingFlights" name="searchFlightwithInvalidData" time="4.66"/>
  <testcase classname="gjha123.seleniumframework.BookingFlights" name="bookingFlightWithHotels" time="21.423"/>
</testsuite> <!-- Default test -->
