<?xml version="1.0" encoding="UTF-8"?>
<!-- Generated by org.testng.reporters.JUnitXMLReporter -->
<testsuite ignored="1" hostname="Gangesh_007" failures="1" tests="1" name="SanityTest" time="0.014" errors="0" timestamp="2024-10-27T14:45:06 IST">
  <testcase classname="gjha123.seleniumframework.BookingFlights" name="searchFlightwithemptyData" time="0.007">
    <failure type="java.lang.NullPointerException" message="Cannot invoke &amp;quot;gjha123.seleniumframework.pageobject.LandingPage.clickSearchButton()&amp;quot; because &amp;quot;this.landingPage&amp;quot; is null">
      <![CDATA[java.lang.NullPointerException: Cannot invoke "gjha123.seleniumframework.pageobject.LandingPage.clickSearchButton()" because "this.landingPage" is null
at gjha123.seleniumframework.BookingFlights.searchFlightwithemptyData(BookingFlights.java:79)
at java.base/java.util.ArrayList.forEach(ArrayList.java:1511)
... Removed 27 stack frames]]>
    </failure>
  </testcase> <!-- searchFlightwithemptyData -->
  <testcase classname="gjha123.seleniumframework.BookingFlights" name="bookingFlightWithHotels" time="0.0">
    <ignored/>
  </testcase> <!-- bookingFlightWithHotels -->
</testsuite> <!-- SanityTest -->
