<?xml version="1.0" encoding="UTF-8"?>
<!-- Generated by org.testng.reporters.JUnitXMLReporter -->
<testsuite ignored="1" hostname="Gangesh_007" failures="1" tests="1" name="SmokeTest" time="0.187" errors="0" timestamp="2024-10-27T14:50:53 IST">
  <testcase classname="gjha123.seleniumframework.BookingFlights" name="bookingFlightWithHotels" time="0.063">
    <failure type="java.lang.NullPointerException" message="Cannot invoke &amp;quot;gjha123.seleniumframework.pageobject.LandingPage.clickHotelsLink()&amp;quot; because &amp;quot;this.landingPage&amp;quot; is null">
      <![CDATA[java.lang.NullPointerException: Cannot invoke "gjha123.seleniumframework.pageobject.LandingPage.clickHotelsLink()" because "this.landingPage" is null
at gjha123.seleniumframework.BookingFlights.bookingFlightWithHotels(BookingFlights.java:36)
at java.base/java.util.ArrayList.forEach(ArrayList.java:1511)
... Removed 27 stack frames]]>
    </failure>
  </testcase> <!-- bookingFlightWithHotels -->
  <testcase classname="gjha123.seleniumframework.BookingFlights" name="searchFlightwithemptyData" time="0.0">
    <ignored/>
  </testcase> <!-- searchFlightwithemptyData -->
</testsuite> <!-- SmokeTest -->
