<?xml version="1.0" encoding="UTF-8"?>
<!-- Generated by org.testng.reporters.JUnitXMLReporter -->
<testsuite ignored="1" hostname="Gangesh_007" failures="0" tests="1" name="Test" time="19.351" errors="0" timestamp="2024-10-27T15:23:25 IST">
  <testcase classname="gjha123.seleniumframework.BookingFlights" name="bookingFlightWithHotels" time="16.017"/>
  <testcase classname="gjha123.seleniumframework.BookingFlights" name="searchFlightwithemptyData" time="0.0">
    <ignored/>
  </testcase> <!-- searchFlightwithemptyData -->
</testsuite> <!-- Test -->
