<?xml version="1.0" encoding="UTF-8"?>
<!-- Generated by org.testng.reporters.JUnitXMLReporter -->
<testsuite ignored="2" hostname="Gangesh_007" failures="1" tests="3" name="Test" time="92.949" errors="0" timestamp="2024-11-02T00:12:10 IST">
  <testcase classname="gjha123.seleniumframework.BookingFlights" name="bookingFlightWithHotels" time="35.271"/>
  <testcase classname="gjha123.seleniumframework.SignIn" name="TC_01_signIn" time="8.605"/>
  <testcase classname="gjha123.seleniumframework.FlightModule" name="TC_01_searchFlight" time="33.534">
    <failure type="org.openqa.selenium.ElementClickInterceptedException" message="element click intercepted: Element &amp;lt;span class=&amp;quot;Button-module__text___sRRzg&amp;quot;&amp;gt;...&amp;lt;/span&amp;gt; is not clickable at point (1161, 668). Other element would receive the click: &amp;lt;div class=&amp;quot;Frame-module__align-items_center___DCS7Y Frame-module__flex-grow_1___2m7TV Frame-module__flex-direction_column___ms2of&amp;quot;&amp;gt;...&amp;lt;/div&amp;gt;
  (Session info: chrome=130.0.6723.91)
Build info: version: &amp;apos;4.25.0&amp;apos;, revision: &amp;apos;8a8aea2337&amp;apos;
System info: os.name: &amp;apos;Windows 11&amp;apos;, os.arch: &amp;apos;amd64&amp;apos;, os.version: &amp;apos;10.0&amp;apos;, java.version: &amp;apos;17.0.10&amp;apos;
Driver info: org.openqa.selenium.chrome.ChromeDriver
Command: [015a4193ca0288f116ab2b868a4dbb9a, clickElement {id=f.F13A37E2220799C3D1D6D43FCC4FC820.d.2B87EE3CD1C0092A60E39725C75786B8.e.22901}]
Capabilities {acceptInsecureCerts: false, browserName: chrome, browserVersion: 130.0.6723.91, chrome: {chromedriverVersion: 130.0.6723.91 (53ac07678369..., userDataDir: C:\Users\gjha0\AppData\Loca...}, fedcm:accounts: true, goog:chromeOptions: {debuggerAddress: localhost:64268}, networkConnectionEnabled: false, pageLoadStrategy: normal, platformName: windows, proxy: Proxy(), se:cdp: ws://localhost:64268/devtoo..., se:cdpVersion: 130.0.6723.91, setWindowRect: true, strictFileInteractability: false, timeouts: {implicit: 0, pageLoad: 300000, script: 30000}, unhandledPromptBehavior: dismiss and notify, webauthn:extension:credBlob: true, webauthn:extension:largeBlob: true, webauthn:extension:minPinLength: true, webauthn:extension:prf: true, webauthn:virtualAuthenticators: true}
Element: [[ChromeDriver: chrome on windows (015a4193ca0288f116ab2b868a4dbb9a)] -&amp;gt; xpath: //span[text()=&amp;apos;Close&amp;apos;]]
Session ID: 015a4193ca0288f116ab2b868a4dbb9a">
      <![CDATA[org.openqa.selenium.ElementClickInterceptedException: element click intercepted: Element <span class="Button-module__text___sRRzg">...</span> is not clickable at point (1161, 668). Other element would receive the click: <div class="Frame-module__align-items_center___DCS7Y Frame-module__flex-grow_1___2m7TV Frame-module__flex-direction_column___ms2of">...</div>
  (Session info: chrome=130.0.6723.91)
Build info: version: '4.25.0', revision: '8a8aea2337'
System info: os.name: 'Windows 11', os.arch: 'amd64', os.version: '10.0', java.version: '17.0.10'
Driver info: org.openqa.selenium.chrome.ChromeDriver
Command: [015a4193ca0288f116ab2b868a4dbb9a, clickElement {id=f.F13A37E2220799C3D1D6D43FCC4FC820.d.2B87EE3CD1C0092A60E39725C75786B8.e.22901}]
Capabilities {acceptInsecureCerts: false, browserName: chrome, browserVersion: 130.0.6723.91, chrome: {chromedriverVersion: 130.0.6723.91 (53ac07678369..., userDataDir: C:\Users\gjha0\AppData\Loca...}, fedcm:accounts: true, goog:chromeOptions: {debuggerAddress: localhost:64268}, networkConnectionEnabled: false, pageLoadStrategy: normal, platformName: windows, proxy: Proxy(), se:cdp: ws://localhost:64268/devtoo..., se:cdpVersion: 130.0.6723.91, setWindowRect: true, strictFileInteractability: false, timeouts: {implicit: 0, pageLoad: 300000, script: 30000}, unhandledPromptBehavior: dismiss and notify, webauthn:extension:credBlob: true, webauthn:extension:largeBlob: true, webauthn:extension:minPinLength: true, webauthn:extension:prf: true, webauthn:virtualAuthenticators: true}
Element: [[ChromeDriver: chrome on windows (015a4193ca0288f116ab2b868a4dbb9a)] -> xpath: //span[text()='Close']]
Session ID: 015a4193ca0288f116ab2b868a4dbb9a
at org.openqa.selenium.remote.ErrorCodec.decode(ErrorCodec.java:167)
at org.openqa.selenium.remote.codec.w3c.W3CHttpResponseCodec.decode(W3CHttpResponseCodec.java:138)
at org.openqa.selenium.remote.codec.w3c.W3CHttpResponseCodec.decode(W3CHttpResponseCodec.java:50)
at org.openqa.selenium.remote.HttpCommandExecutor.execute(HttpCommandExecutor.java:190)
at org.openqa.selenium.remote.service.DriverCommandExecutor.invokeExecute(DriverCommandExecutor.java:216)
at org.openqa.selenium.remote.service.DriverCommandExecutor.execute(DriverCommandExecutor.java:174)
at org.openqa.selenium.remote.RemoteWebDriver.execute(RemoteWebDriver.java:545)
at org.openqa.selenium.remote.RemoteWebElement.execute(RemoteWebElement.java:223)
at org.openqa.selenium.remote.RemoteWebElement.click(RemoteWebElement.java:76)
at org.openqa.selenium.support.pagefactory.internal.LocatingElementHandler.invoke(LocatingElementHandler.java:51)
at jdk.proxy2/jdk.proxy2.$Proxy19.click(Unknown Source)
at gjha123.seleniumframework.pageobject.FilghtModules.SeatSelectionPage.getClose(SeatSelectionPage.java:37)
at gjha123.seleniumframework.FlightModule.TC_01_searchFlight(FlightModule.java:79)
at java.base/java.util.ArrayList.forEach(ArrayList.java:1511)
... Removed 35 stack frames]]>
    </failure>
  </testcase> <!-- TC_01_searchFlight -->
  <testcase classname="gjha123.seleniumframework.SignIn" name="TC_02_signInWithOutAnyField" time="0.0">
    <ignored/>
  </testcase> <!-- TC_02_signInWithOutAnyField -->
  <testcase classname="gjha123.seleniumframework.BookingFlights" name="searchFlightwithemptyData" time="0.0">
    <ignored/>
  </testcase> <!-- searchFlightwithemptyData -->
</testsuite> <!-- Test -->
